<?xml version="1.0" encoding="UTF-8"?>
<!-- Generated by org.testng.reporters.JUnitXMLReporter -->
<testsuite ignored="0" hostname="FleetStudio-75" failures="0" tests="2" name="HouseAccountcheckoutTest" time="85.463" errors="0" timestamp="2024-06-22T09:29:46 IST">
  <testcase classname="HouseAccount.HouseAccountCheckout" name="GuestCheckout" time="30.179"/>
  <testcase classname="HouseAccount.HouseAccountCheckout" name="CustomerCheckout" time="14.315"/>
</testsuite> <!-- HouseAccountcheckoutTest -->
